 curl -v --resolve 'sosage:8080' http://127.0.0.1:8080
* Couldn't parse CURLOPT_RESOLVE entry 'sosage:8080'!
*   Trying 127.0.0.1:8080...
* TCP_NODELAY set
* Connected to 127.0.0.1 (127.0.0.1) port 8080 (#0)

> GET / HTTP/1.1
> Host: 127.0.0.1:8080
> User-Agent: curl/7.68.0
> Accept: */*
> 

* Mark bundle as not supporting multiuse
* HTTP 1.0, assume close after body

< HTTP/1.0 200 OK
< 



<!DOCTYPE html>
<html>
<head>
<title>Welcome to Webserv!</title>
<style>
html { color-scheme: light dark; }
body { width: 35em; margin: 0 auto;
font-family: Tahoma, Verdana, Arial, sans-serif; }
</style>
</head>
<body>
<h1>Welcome to Webserv!</h1>
<p>If you see this page, the Webserv web server is successfully installed and
working. Further configuration is required.</p>
<p>
        yes i stole the nginx index page
</p>

<p>For online documentation and support please refer to nothing.</p>

<p><em>Thank you for using Webserv.</em></p>
</body>
</html>


* Closing connection 0