→ curl -v --resolve 'sosage:8080' http://127.0.0.1:8080
* Couldn't parse CURLOPT_RESOLVE entry 'sosage:8080'!
*   Trying 127.0.0.1:8080...
* TCP_NODELAY set
* Connected to 127.0.0.1 (127.0.0.1) port 8080 (#0)

> GET / HTTP/1.1
> Host: 127.0.0.1:8080
> User-Agent: curl/7.68.0
> Accept: */*
> 

* Mark bundle as not supporting multiuse
< HTTP/1.1 200 OK
< Server: nginx/1.25.3
< Date: Wed, 13 Dec 2023 15:22:53 GMT
< Content-Type: text/html
< Content-Length: 615
< Last-Modified: Tue, 24 Oct 2023 13:46:47 GMT
< Connection: keep-alive
< ETag: "6537cac7-267"
< Accept-Ranges: bytes
< 
<!DOCTYPE html>
<html>
<head>
<title>Welcome to nginx!</title>
<style>
html { color-scheme: light dark; }
body { width: 35em; margin: 0 auto;
font-family: Tahoma, Verdana, Arial, sans-serif; }
</style>
</head>
<body>
<h1>Welcome to nginx!</h1>
<p>If you see this page, the nginx web server is successfully installed and
working. Further configuration is required.</p>

<p>For online documentation and support please refer to
<a href="http://nginx.org/">nginx.org</a>.<br/>
Commercial support is available at
<a href="http://nginx.com/">nginx.com</a>.</p>

<p><em>Thank you for using nginx.</em></p>
</body>
</html>
* Connection #0 to host 127.0.0.1 left intact